DEBUG - 2016-08-28 23:04:23 --> UTF-8 Support Enabled
DEBUG - 2016-08-28 23:04:23 --> No URI present. Default controller set.
DEBUG - 2016-08-28 23:04:23 --> Global POST, GET and COOKIE data sanitized
DEBUG - 2016-08-28 23:04:23 --> Config file loaded: C:\xampp\htdocs\manavimk2\application\config/my_custom_config.php
DEBUG - 2016-08-28 23:04:24 --> Total execution time: 1.1508
DEBUG - 2016-08-28 23:05:19 --> UTF-8 Support Enabled
DEBUG - 2016-08-28 23:05:19 --> Global POST, GET and COOKIE data sanitized
DEBUG - 2016-08-28 23:05:19 --> Config file loaded: C:\xampp\htdocs\manavimk2\application\config/my_custom_config.php
DEBUG - 2016-08-28 23:05:20 --> Total execution time: 1.0972
DEBUG - 2016-08-28 23:05:36 --> UTF-8 Support Enabled
DEBUG - 2016-08-28 23:05:36 --> Global POST, GET and COOKIE data sanitized
DEBUG - 2016-08-28 23:05:36 --> Config file loaded: C:\xampp\htdocs\manavimk2\application\config/my_custom_config.php
DEBUG - 2016-08-28 23:05:38 --> Total execution time: 1.1085
DEBUG - 2016-08-28 23:08:45 --> UTF-8 Support Enabled
DEBUG - 2016-08-28 23:08:45 --> Global POST, GET and COOKIE data sanitized
DEBUG - 2016-08-28 23:08:45 --> Config file loaded: C:\xampp\htdocs\manavimk2\application\config/my_custom_config.php
ERROR - 2016-08-28 23:08:47 --> Severity: error --> Exception: Unable to load template file 'category/welcome_message.tpl' C:\xampp\htdocs\manavimk2\application\third_party\smarty\libraries\sysplugins\smarty_internal_template.php 219
DEBUG - 2016-08-28 23:09:04 --> UTF-8 Support Enabled
DEBUG - 2016-08-28 23:09:04 --> Global POST, GET and COOKIE data sanitized
DEBUG - 2016-08-28 23:09:04 --> Config file loaded: C:\xampp\htdocs\manavimk2\application\config/my_custom_config.php
ERROR - 2016-08-28 23:09:05 --> Severity: error --> Exception: Unable to load template file 'common/html_header.tpl' in 'category/index.tpl' C:\xampp\htdocs\manavimk2\application\third_party\smarty\libraries\sysplugins\smarty_internal_template.php 219
DEBUG - 2016-08-28 23:09:48 --> UTF-8 Support Enabled
DEBUG - 2016-08-28 23:09:48 --> Global POST, GET and COOKIE data sanitized
DEBUG - 2016-08-28 23:09:48 --> Config file loaded: C:\xampp\htdocs\manavimk2\application\config/my_custom_config.php
DEBUG - 2016-08-28 23:09:49 --> Total execution time: 1.1031
DEBUG - 2016-08-28 23:09:51 --> UTF-8 Support Enabled
DEBUG - 2016-08-28 23:09:51 --> UTF-8 Support Enabled
DEBUG - 2016-08-28 23:09:51 --> UTF-8 Support Enabled
DEBUG - 2016-08-28 23:09:51 --> Global POST, GET and COOKIE data sanitized
ERROR - 2016-08-28 23:09:51 --> 404 Page Not Found: Category/common
DEBUG - 2016-08-28 23:09:51 --> Global POST, GET and COOKIE data sanitized
DEBUG - 2016-08-28 23:09:51 --> Global POST, GET and COOKIE data sanitized
ERROR - 2016-08-28 23:09:51 --> 404 Page Not Found: Category/common
ERROR - 2016-08-28 23:09:51 --> 404 Page Not Found: Category/common
DEBUG - 2016-08-28 23:10:27 --> UTF-8 Support Enabled
DEBUG - 2016-08-28 23:10:27 --> Global POST, GET and COOKIE data sanitized
DEBUG - 2016-08-28 23:10:27 --> Config file loaded: C:\xampp\htdocs\manavimk2\application\config/my_custom_config.php
DEBUG - 2016-08-28 23:10:28 --> Total execution time: 1.0964
DEBUG - 2016-08-28 23:11:30 --> UTF-8 Support Enabled
DEBUG - 2016-08-28 23:11:30 --> Global POST, GET and COOKIE data sanitized
DEBUG - 2016-08-28 23:11:30 --> Config file loaded: C:\xampp\htdocs\manavimk2\application\config/my_custom_config.php
DEBUG - 2016-08-28 23:11:31 --> Total execution time: 1.0938
DEBUG - 2016-08-28 23:22:06 --> UTF-8 Support Enabled
DEBUG - 2016-08-28 23:22:07 --> Global POST, GET and COOKIE data sanitized
DEBUG - 2016-08-28 23:22:07 --> Config file loaded: C:\xampp\htdocs\manavimk2\application\config/my_custom_config.php
DEBUG - 2016-08-28 23:22:08 --> Total execution time: 1.1286
DEBUG - 2016-08-28 23:31:02 --> UTF-8 Support Enabled
DEBUG - 2016-08-28 23:31:02 --> Global POST, GET and COOKIE data sanitized
DEBUG - 2016-08-28 23:31:02 --> Config file loaded: C:\xampp\htdocs\manavimk2\application\config/my_custom_config.php
DEBUG - 2016-08-28 23:31:03 --> Total execution time: 1.4405
DEBUG - 2016-08-28 23:31:23 --> UTF-8 Support Enabled
DEBUG - 2016-08-28 23:31:23 --> Global POST, GET and COOKIE data sanitized
DEBUG - 2016-08-28 23:31:23 --> Config file loaded: C:\xampp\htdocs\manavimk2\application\config/my_custom_config.php
DEBUG - 2016-08-28 23:31:24 --> Total execution time: 1.1873
DEBUG - 2016-08-28 23:31:31 --> UTF-8 Support Enabled
DEBUG - 2016-08-28 23:31:31 --> Global POST, GET and COOKIE data sanitized
DEBUG - 2016-08-28 23:31:31 --> Config file loaded: C:\xampp\htdocs\manavimk2\application\config/my_custom_config.php
DEBUG - 2016-08-28 23:31:33 --> Total execution time: 1.0990
DEBUG - 2016-08-28 23:31:46 --> UTF-8 Support Enabled
DEBUG - 2016-08-28 23:31:46 --> Global POST, GET and COOKIE data sanitized
DEBUG - 2016-08-28 23:31:46 --> Config file loaded: C:\xampp\htdocs\manavimk2\application\config/my_custom_config.php
DEBUG - 2016-08-28 23:31:47 --> Total execution time: 1.1429
DEBUG - 2016-08-28 23:32:16 --> UTF-8 Support Enabled
DEBUG - 2016-08-28 23:32:16 --> Global POST, GET and COOKIE data sanitized
DEBUG - 2016-08-28 23:32:16 --> Config file loaded: C:\xampp\htdocs\manavimk2\application\config/my_custom_config.php
DEBUG - 2016-08-28 23:32:17 --> Total execution time: 1.1271
DEBUG - 2016-08-28 23:32:24 --> UTF-8 Support Enabled
DEBUG - 2016-08-28 23:32:24 --> Global POST, GET and COOKIE data sanitized
DEBUG - 2016-08-28 23:32:24 --> Config file loaded: C:\xampp\htdocs\manavimk2\application\config/my_custom_config.php
DEBUG - 2016-08-28 23:32:25 --> Total execution time: 1.1178
DEBUG - 2016-08-28 23:33:37 --> UTF-8 Support Enabled
DEBUG - 2016-08-28 23:33:37 --> Global POST, GET and COOKIE data sanitized
DEBUG - 2016-08-28 23:33:37 --> Config file loaded: C:\xampp\htdocs\manavimk2\application\config/my_custom_config.php
DEBUG - 2016-08-28 23:33:38 --> Total execution time: 1.1240
DEBUG - 2016-08-28 23:34:04 --> UTF-8 Support Enabled
DEBUG - 2016-08-28 23:34:04 --> Global POST, GET and COOKIE data sanitized
DEBUG - 2016-08-28 23:34:04 --> Config file loaded: C:\xampp\htdocs\manavimk2\application\config/my_custom_config.php
DEBUG - 2016-08-28 23:34:05 --> Total execution time: 1.1453
DEBUG - 2016-08-28 23:34:31 --> UTF-8 Support Enabled
DEBUG - 2016-08-28 23:34:31 --> Global POST, GET and COOKIE data sanitized
DEBUG - 2016-08-28 23:34:31 --> Config file loaded: C:\xampp\htdocs\manavimk2\application\config/my_custom_config.php
DEBUG - 2016-08-28 23:34:32 --> Total execution time: 1.1170
DEBUG - 2016-08-28 23:42:38 --> UTF-8 Support Enabled
DEBUG - 2016-08-28 23:42:38 --> Global POST, GET and COOKIE data sanitized
DEBUG - 2016-08-28 23:42:38 --> Config file loaded: C:\xampp\htdocs\manavimk2\application\config/my_custom_config.php
ERROR - 2016-08-28 23:42:39 --> Severity: Error --> Call to a member function getRoadById() on a non-object C:\xampp\htdocs\manavimk2\application\controllers\Road.php 22
DEBUG - 2016-08-28 23:43:01 --> UTF-8 Support Enabled
DEBUG - 2016-08-28 23:43:01 --> Global POST, GET and COOKIE data sanitized
DEBUG - 2016-08-28 23:43:01 --> Config file loaded: C:\xampp\htdocs\manavimk2\application\config/my_custom_config.php
ERROR - 2016-08-28 23:43:02 --> Query error: Table 'manavi.roads' doesn't exist - Invalid query: SELECT * FROM roads WHERE road_id = 1
DEBUG - 2016-08-28 23:43:28 --> UTF-8 Support Enabled
DEBUG - 2016-08-28 23:43:28 --> Global POST, GET and COOKIE data sanitized
DEBUG - 2016-08-28 23:43:28 --> Config file loaded: C:\xampp\htdocs\manavimk2\application\config/my_custom_config.php
DEBUG - 2016-08-28 23:43:29 --> Total execution time: 1.0873
DEBUG - 2016-08-28 23:44:02 --> UTF-8 Support Enabled
DEBUG - 2016-08-28 23:44:02 --> Global POST, GET and COOKIE data sanitized
DEBUG - 2016-08-28 23:44:02 --> Config file loaded: C:\xampp\htdocs\manavimk2\application\config/my_custom_config.php
DEBUG - 2016-08-28 23:44:03 --> Total execution time: 1.0781
DEBUG - 2016-08-28 23:45:40 --> UTF-8 Support Enabled
DEBUG - 2016-08-28 23:45:40 --> Global POST, GET and COOKIE data sanitized
DEBUG - 2016-08-28 23:45:40 --> Config file loaded: C:\xampp\htdocs\manavimk2\application\config/my_custom_config.php
DEBUG - 2016-08-28 23:45:41 --> Total execution time: 1.0772
DEBUG - 2016-08-28 23:46:18 --> UTF-8 Support Enabled
DEBUG - 2016-08-28 23:46:18 --> Global POST, GET and COOKIE data sanitized
DEBUG - 2016-08-28 23:46:18 --> Config file loaded: C:\xampp\htdocs\manavimk2\application\config/my_custom_config.php
DEBUG - 2016-08-28 23:46:19 --> Total execution time: 1.0769
DEBUG - 2016-08-28 23:46:56 --> UTF-8 Support Enabled
DEBUG - 2016-08-28 23:46:56 --> Global POST, GET and COOKIE data sanitized
DEBUG - 2016-08-28 23:46:56 --> Config file loaded: C:\xampp\htdocs\manavimk2\application\config/my_custom_config.php
DEBUG - 2016-08-28 23:46:57 --> Total execution time: 1.0744
DEBUG - 2016-08-28 23:47:02 --> UTF-8 Support Enabled
DEBUG - 2016-08-28 23:47:02 --> Global POST, GET and COOKIE data sanitized
DEBUG - 2016-08-28 23:47:02 --> Config file loaded: C:\xampp\htdocs\manavimk2\application\config/my_custom_config.php
DEBUG - 2016-08-28 23:47:03 --> Total execution time: 1.1139
DEBUG - 2016-08-28 23:47:10 --> UTF-8 Support Enabled
DEBUG - 2016-08-28 23:47:10 --> Global POST, GET and COOKIE data sanitized
DEBUG - 2016-08-28 23:47:10 --> Config file loaded: C:\xampp\htdocs\manavimk2\application\config/my_custom_config.php
DEBUG - 2016-08-28 23:47:12 --> Total execution time: 1.1177
DEBUG - 2016-08-28 23:47:37 --> UTF-8 Support Enabled
DEBUG - 2016-08-28 23:47:37 --> Global POST, GET and COOKIE data sanitized
DEBUG - 2016-08-28 23:47:37 --> Config file loaded: C:\xampp\htdocs\manavimk2\application\config/my_custom_config.php
DEBUG - 2016-08-28 23:47:39 --> Total execution time: 1.0787
DEBUG - 2016-08-28 23:47:41 --> UTF-8 Support Enabled
DEBUG - 2016-08-28 23:47:41 --> Global POST, GET and COOKIE data sanitized
DEBUG - 2016-08-28 23:47:41 --> Config file loaded: C:\xampp\htdocs\manavimk2\application\config/my_custom_config.php
DEBUG - 2016-08-28 23:47:42 --> Total execution time: 1.1420
