DEBUG - 2016-07-15 09:43:55 --> UTF-8 Support Enabled
DEBUG - 2016-07-15 09:43:55 --> No URI present. Default controller set.
DEBUG - 2016-07-15 09:43:55 --> Global POST, GET and COOKIE data sanitized
DEBUG - 2016-07-15 09:43:55 --> Config file loaded: C:\xampp\htdocs\manavimk2\application\config/my_custom_config.php
DEBUG - 2016-07-15 09:43:56 --> Total execution time: 1.1112
DEBUG - 2016-07-15 09:58:31 --> UTF-8 Support Enabled
DEBUG - 2016-07-15 09:58:31 --> No URI present. Default controller set.
DEBUG - 2016-07-15 09:58:31 --> Global POST, GET and COOKIE data sanitized
DEBUG - 2016-07-15 09:58:31 --> Config file loaded: C:\xampp\htdocs\manavimk2\application\config/my_custom_config.php
DEBUG - 2016-07-15 09:58:32 --> Total execution time: 1.0916
DEBUG - 2016-07-15 09:58:37 --> UTF-8 Support Enabled
DEBUG - 2016-07-15 09:58:37 --> No URI present. Default controller set.
DEBUG - 2016-07-15 09:58:37 --> Global POST, GET and COOKIE data sanitized
DEBUG - 2016-07-15 09:58:37 --> Config file loaded: C:\xampp\htdocs\manavimk2\application\config/my_custom_config.php
DEBUG - 2016-07-15 09:58:38 --> Total execution time: 1.0724
DEBUG - 2016-07-15 09:59:52 --> UTF-8 Support Enabled
DEBUG - 2016-07-15 09:59:52 --> No URI present. Default controller set.
DEBUG - 2016-07-15 09:59:52 --> Global POST, GET and COOKIE data sanitized
DEBUG - 2016-07-15 09:59:52 --> Config file loaded: C:\xampp\htdocs\manavimk2\application\config/my_custom_config.php
DEBUG - 2016-07-15 09:59:53 --> Total execution time: 1.0822
DEBUG - 2016-07-15 10:00:51 --> UTF-8 Support Enabled
DEBUG - 2016-07-15 10:00:51 --> Global POST, GET and COOKIE data sanitized
DEBUG - 2016-07-15 10:00:51 --> Config file loaded: C:\xampp\htdocs\manavimk2\application\config/my_custom_config.php
DEBUG - 2016-07-15 10:00:52 --> Total execution time: 1.0682
DEBUG - 2016-07-15 10:00:56 --> UTF-8 Support Enabled
DEBUG - 2016-07-15 10:00:56 --> Global POST, GET and COOKIE data sanitized
DEBUG - 2016-07-15 10:00:56 --> Config file loaded: C:\xampp\htdocs\manavimk2\application\config/my_custom_config.php
DEBUG - 2016-07-15 10:00:57 --> Total execution time: 1.0698
DEBUG - 2016-07-15 10:01:00 --> UTF-8 Support Enabled
DEBUG - 2016-07-15 10:01:00 --> Global POST, GET and COOKIE data sanitized
ERROR - 2016-07-15 10:01:00 --> 404 Page Not Found: Road/hoge
DEBUG - 2016-07-15 10:04:03 --> UTF-8 Support Enabled
DEBUG - 2016-07-15 10:04:03 --> Global POST, GET and COOKIE data sanitized
DEBUG - 2016-07-15 10:04:03 --> Config file loaded: C:\xampp\htdocs\manavimk2\application\config/my_custom_config.php
DEBUG - 2016-07-15 10:04:05 --> Total execution time: 1.0888
DEBUG - 2016-07-15 10:04:07 --> UTF-8 Support Enabled
DEBUG - 2016-07-15 10:04:07 --> Global POST, GET and COOKIE data sanitized
ERROR - 2016-07-15 10:04:07 --> 404 Page Not Found: Common/images
DEBUG - 2016-07-15 10:05:00 --> UTF-8 Support Enabled
DEBUG - 2016-07-15 10:05:00 --> Global POST, GET and COOKIE data sanitized
DEBUG - 2016-07-15 10:05:00 --> Config file loaded: C:\xampp\htdocs\manavimk2\application\config/my_custom_config.php
DEBUG - 2016-07-15 10:05:01 --> Total execution time: 1.0694
DEBUG - 2016-07-15 10:05:01 --> UTF-8 Support Enabled
DEBUG - 2016-07-15 10:05:01 --> Global POST, GET and COOKIE data sanitized
ERROR - 2016-07-15 10:05:01 --> 404 Page Not Found: Common/images
DEBUG - 2016-07-15 10:05:02 --> UTF-8 Support Enabled
DEBUG - 2016-07-15 10:05:02 --> Global POST, GET and COOKIE data sanitized
ERROR - 2016-07-15 10:05:02 --> 404 Page Not Found: Common/images
DEBUG - 2016-07-15 10:05:57 --> UTF-8 Support Enabled
DEBUG - 2016-07-15 10:05:57 --> Global POST, GET and COOKIE data sanitized
DEBUG - 2016-07-15 10:05:57 --> Config file loaded: C:\xampp\htdocs\manavimk2\application\config/my_custom_config.php
DEBUG - 2016-07-15 10:05:58 --> Total execution time: 1.0683
DEBUG - 2016-07-15 11:00:05 --> UTF-8 Support Enabled
DEBUG - 2016-07-15 11:00:05 --> Global POST, GET and COOKIE data sanitized
ERROR - 2016-07-15 11:00:05 --> 404 Page Not Found: Emergency/index
