DEBUG - 2016-08-29 08:59:36 --> UTF-8 Support Enabled
DEBUG - 2016-08-29 08:59:36 --> Global POST, GET and COOKIE data sanitized
DEBUG - 2016-08-29 08:59:36 --> Config file loaded: C:\xampp\htdocs\manavimk2\application\config/my_custom_config.php
ERROR - 2016-08-29 08:59:37 --> Query error: Column 'node_id' in where clause is ambiguous - Invalid query: SELECT * FROM nodes n 
                LEFT JOIN nodes_roads nr ON nr.node_id = n.node_id
                WHERE node_id = 1
DEBUG - 2016-08-29 09:01:12 --> UTF-8 Support Enabled
DEBUG - 2016-08-29 09:01:12 --> Global POST, GET and COOKIE data sanitized
DEBUG - 2016-08-29 09:01:12 --> Config file loaded: C:\xampp\htdocs\manavimk2\application\config/my_custom_config.php
DEBUG - 2016-08-29 09:01:13 --> Total execution time: 1.0884
DEBUG - 2016-08-29 09:01:41 --> UTF-8 Support Enabled
DEBUG - 2016-08-29 09:01:41 --> Global POST, GET and COOKIE data sanitized
DEBUG - 2016-08-29 09:01:41 --> Config file loaded: C:\xampp\htdocs\manavimk2\application\config/my_custom_config.php
DEBUG - 2016-08-29 09:01:42 --> Total execution time: 1.0778
DEBUG - 2016-08-29 09:14:40 --> UTF-8 Support Enabled
DEBUG - 2016-08-29 09:14:40 --> Global POST, GET and COOKIE data sanitized
DEBUG - 2016-08-29 09:14:40 --> Config file loaded: C:\xampp\htdocs\manavimk2\application\config/my_custom_config.php
ERROR - 2016-08-29 09:14:41 --> Severity: Error --> Call to undefined function arrya() C:\xampp\htdocs\manavimk2\application\controllers\Node.php 25
DEBUG - 2016-08-29 09:15:38 --> UTF-8 Support Enabled
DEBUG - 2016-08-29 09:15:38 --> Global POST, GET and COOKIE data sanitized
DEBUG - 2016-08-29 09:15:38 --> Config file loaded: C:\xampp\htdocs\manavimk2\application\config/my_custom_config.php
ERROR - 2016-08-29 09:15:39 --> Severity: error --> Exception: Syntax error in template "C:\xampp\htdocs\manavimk2\application\views\templates\node\send.tpl"  on line 14 "{endif}" unknown tag "endif" C:\xampp\htdocs\manavimk2\application\third_party\smarty\libraries\sysplugins\smarty_internal_templatecompilerbase.php 14
DEBUG - 2016-08-29 09:15:55 --> UTF-8 Support Enabled
DEBUG - 2016-08-29 09:15:55 --> Global POST, GET and COOKIE data sanitized
DEBUG - 2016-08-29 09:15:55 --> Config file loaded: C:\xampp\htdocs\manavimk2\application\config/my_custom_config.php
DEBUG - 2016-08-29 09:15:56 --> Total execution time: 1.0784
DEBUG - 2016-08-29 09:17:18 --> UTF-8 Support Enabled
DEBUG - 2016-08-29 09:17:18 --> Global POST, GET and COOKIE data sanitized
DEBUG - 2016-08-29 09:17:18 --> Config file loaded: C:\xampp\htdocs\manavimk2\application\config/my_custom_config.php
DEBUG - 2016-08-29 09:17:19 --> Total execution time: 1.1339
DEBUG - 2016-08-29 09:17:33 --> UTF-8 Support Enabled
DEBUG - 2016-08-29 09:17:33 --> Global POST, GET and COOKIE data sanitized
DEBUG - 2016-08-29 09:17:33 --> Config file loaded: C:\xampp\htdocs\manavimk2\application\config/my_custom_config.php
DEBUG - 2016-08-29 09:17:34 --> Total execution time: 1.1451
DEBUG - 2016-08-29 09:17:46 --> UTF-8 Support Enabled
DEBUG - 2016-08-29 09:17:46 --> Global POST, GET and COOKIE data sanitized
DEBUG - 2016-08-29 09:17:46 --> Config file loaded: C:\xampp\htdocs\manavimk2\application\config/my_custom_config.php
DEBUG - 2016-08-29 09:17:47 --> Total execution time: 1.1443
DEBUG - 2016-08-29 09:18:21 --> UTF-8 Support Enabled
DEBUG - 2016-08-29 09:18:21 --> Global POST, GET and COOKIE data sanitized
DEBUG - 2016-08-29 09:18:21 --> Config file loaded: C:\xampp\htdocs\manavimk2\application\config/my_custom_config.php
DEBUG - 2016-08-29 09:18:22 --> Total execution time: 1.0812
DEBUG - 2016-08-29 09:19:10 --> UTF-8 Support Enabled
DEBUG - 2016-08-29 09:19:10 --> Global POST, GET and COOKIE data sanitized
DEBUG - 2016-08-29 09:19:10 --> Config file loaded: C:\xampp\htdocs\manavimk2\application\config/my_custom_config.php
DEBUG - 2016-08-29 09:19:12 --> Total execution time: 1.1528
DEBUG - 2016-08-29 09:19:19 --> UTF-8 Support Enabled
DEBUG - 2016-08-29 09:19:19 --> Global POST, GET and COOKIE data sanitized
DEBUG - 2016-08-29 09:19:19 --> Config file loaded: C:\xampp\htdocs\manavimk2\application\config/my_custom_config.php
DEBUG - 2016-08-29 09:19:20 --> Total execution time: 1.1226
DEBUG - 2016-08-29 09:19:30 --> UTF-8 Support Enabled
DEBUG - 2016-08-29 09:19:30 --> Global POST, GET and COOKIE data sanitized
DEBUG - 2016-08-29 09:19:30 --> Config file loaded: C:\xampp\htdocs\manavimk2\application\config/my_custom_config.php
DEBUG - 2016-08-29 09:19:31 --> Total execution time: 1.0879
DEBUG - 2016-08-29 09:19:41 --> UTF-8 Support Enabled
DEBUG - 2016-08-29 09:19:41 --> Global POST, GET and COOKIE data sanitized
DEBUG - 2016-08-29 09:19:41 --> Config file loaded: C:\xampp\htdocs\manavimk2\application\config/my_custom_config.php
DEBUG - 2016-08-29 09:19:42 --> Total execution time: 1.1017
DEBUG - 2016-08-29 09:19:54 --> UTF-8 Support Enabled
DEBUG - 2016-08-29 09:19:54 --> Global POST, GET and COOKIE data sanitized
DEBUG - 2016-08-29 09:19:54 --> Config file loaded: C:\xampp\htdocs\manavimk2\application\config/my_custom_config.php
DEBUG - 2016-08-29 09:19:56 --> Total execution time: 1.1378
DEBUG - 2016-08-29 09:20:37 --> UTF-8 Support Enabled
DEBUG - 2016-08-29 09:20:37 --> Global POST, GET and COOKIE data sanitized
DEBUG - 2016-08-29 09:20:37 --> Config file loaded: C:\xampp\htdocs\manavimk2\application\config/my_custom_config.php
DEBUG - 2016-08-29 09:20:38 --> Total execution time: 1.1344
DEBUG - 2016-08-29 09:20:56 --> UTF-8 Support Enabled
DEBUG - 2016-08-29 09:20:56 --> Global POST, GET and COOKIE data sanitized
DEBUG - 2016-08-29 09:20:56 --> Config file loaded: C:\xampp\htdocs\manavimk2\application\config/my_custom_config.php
DEBUG - 2016-08-29 09:20:57 --> Total execution time: 1.1134
DEBUG - 2016-08-29 09:24:03 --> UTF-8 Support Enabled
DEBUG - 2016-08-29 09:24:03 --> Global POST, GET and COOKIE data sanitized
DEBUG - 2016-08-29 09:24:03 --> Config file loaded: C:\xampp\htdocs\manavimk2\application\config/my_custom_config.php
DEBUG - 2016-08-29 09:24:04 --> Total execution time: 1.1324
DEBUG - 2016-08-29 09:24:21 --> UTF-8 Support Enabled
DEBUG - 2016-08-29 09:24:21 --> Global POST, GET and COOKIE data sanitized
DEBUG - 2016-08-29 09:24:21 --> Config file loaded: C:\xampp\htdocs\manavimk2\application\config/my_custom_config.php
DEBUG - 2016-08-29 09:24:22 --> Total execution time: 1.1202
DEBUG - 2016-08-29 09:26:43 --> UTF-8 Support Enabled
DEBUG - 2016-08-29 09:26:43 --> Global POST, GET and COOKIE data sanitized
DEBUG - 2016-08-29 09:26:43 --> Config file loaded: C:\xampp\htdocs\manavimk2\application\config/my_custom_config.php
DEBUG - 2016-08-29 09:26:44 --> Total execution time: 1.1553
DEBUG - 2016-08-29 09:26:49 --> UTF-8 Support Enabled
DEBUG - 2016-08-29 09:26:49 --> Global POST, GET and COOKIE data sanitized
DEBUG - 2016-08-29 09:26:49 --> Config file loaded: C:\xampp\htdocs\manavimk2\application\config/my_custom_config.php
DEBUG - 2016-08-29 09:26:50 --> Total execution time: 1.1263
DEBUG - 2016-08-29 09:27:23 --> UTF-8 Support Enabled
DEBUG - 2016-08-29 09:27:23 --> Global POST, GET and COOKIE data sanitized
DEBUG - 2016-08-29 09:27:23 --> Config file loaded: C:\xampp\htdocs\manavimk2\application\config/my_custom_config.php
DEBUG - 2016-08-29 09:27:24 --> Total execution time: 1.1245
DEBUG - 2016-08-29 09:27:26 --> UTF-8 Support Enabled
DEBUG - 2016-08-29 09:27:26 --> Global POST, GET and COOKIE data sanitized
DEBUG - 2016-08-29 09:27:26 --> Config file loaded: C:\xampp\htdocs\manavimk2\application\config/my_custom_config.php
DEBUG - 2016-08-29 09:27:27 --> Total execution time: 1.1246
DEBUG - 2016-08-29 09:27:30 --> UTF-8 Support Enabled
DEBUG - 2016-08-29 09:27:30 --> Global POST, GET and COOKIE data sanitized
DEBUG - 2016-08-29 09:27:30 --> Config file loaded: C:\xampp\htdocs\manavimk2\application\config/my_custom_config.php
DEBUG - 2016-08-29 09:27:31 --> Total execution time: 1.1209
DEBUG - 2016-08-29 09:28:07 --> UTF-8 Support Enabled
DEBUG - 2016-08-29 09:28:07 --> Global POST, GET and COOKIE data sanitized
DEBUG - 2016-08-29 09:28:07 --> Config file loaded: C:\xampp\htdocs\manavimk2\application\config/my_custom_config.php
DEBUG - 2016-08-29 09:28:08 --> UTF-8 Support Enabled
DEBUG - 2016-08-29 09:28:08 --> Global POST, GET and COOKIE data sanitized
DEBUG - 2016-08-29 09:28:08 --> Config file loaded: C:\xampp\htdocs\manavimk2\application\config/my_custom_config.php
DEBUG - 2016-08-29 09:28:09 --> Total execution time: 1.1047
DEBUG - 2016-08-29 09:28:10 --> Total execution time: 1.1608
